<?xml version="1.0" encoding="UTF-8"?>
<testsuites name="New Test Suite" time="7" tests="1" failures="0" errors="0">
   <testsuite name="New Test Suite" tests="1" failures="0" errors="0" time="7" timestamp="2019-04-23 10:15:42" hostname="lieuhuynh - 584ZQN2.kms.com.vn" id="Test Suites/New Test Suite">
      <properties>
         <property name="deviceName" value=""/>
         <property name="devicePlatform" value=""/>
         <property name="logFolder" value="C:\\Users\\lieuhuynh\\Katalon Studio\\SmartXpathPluginDemo\\Reports\\New Test Suite\\20190423_101537"/>
         <property name="logFiles" value="C:\\Users\\lieuhuynh\\Katalon Studio\\SmartXpathPluginDemo\\Reports\\New Test Suite\\20190423_101537\\execution0.log"/>
         <property name="attachments" value=""/>
         <property name="hostName" value="lieuhuynh - 584ZQN2.kms.com.vn"/>
         <property name="os" value="Windows 10 64bit"/>
         <property name="katalonVersion" value="6.1.2.2"/>
         <property name="browser" value="Firefox 66.0"/>
         <property name="hostAddress" value="192.168.37.72"/>
         <property name="sessionId" value="df7a14a1-de8b-4d7a-82de-87e489a9a7f6"/>
         <property name="seleniumVersion" value="3.7.1"/>
         <property name="proxyInformation" value="ProxyInformation{proxyOption=NO_PROXY, proxyServerType=HTTP, password=, proxyServerAddress=, proxyServerPort=0}"/>
         <property name="platform" value="Windows 10"/>
      </properties>
      <testcase name="Test Cases/New Test Case" classname="Test Cases/New Test Case" status="PASSED">
         <system-out><![CDATA[2019-04-23 10:15:43 - [TEST_CASE][PASSED] - Test Cases/New Test Case: Test Cases/New Test Case

2019-04-23 10:15:43 - [TEST_STEP][PASSED] - openBrowser(""): Browser is opened with url: ''

2019-04-23 10:15:43 - [MESSAGE][INFO] - Starting 'Firefox' driver

2019-04-23 10:15:43 - [MESSAGE][INFO] - Action delay is set to 0 seconds

2019-04-23 10:15:46 - [MESSAGE][PASSED] - Browser is opened with url: ''

2019-04-23 10:15:46 - [TEST_STEP][PASSED] - navigateToUrl("https://katalon-demo-cura.herokuapp.com/"): Navigate to 'https://katalon-demo-cura.herokuapp.com/' successfully

2019-04-23 10:15:49 - [MESSAGE][PASSED] - Navigate to 'https://katalon-demo-cura.herokuapp.com/' successfully

2019-04-23 10:15:49 - [TEST_STEP][PASSED] - click(findTestObject("Page_CURA Healthcare Service/a_Make Appointment (3)")): Object: 'Object Repository/Page_CURA Healthcare Service/a_Make Appointment (3)' is clicked on

2019-04-23 10:15:50 - [MESSAGE][PASSED] - Object: 'Object Repository/Page_CURA Healthcare Service/a_Make Appointment (3)' is clicked on]]></system-out>
         <system-err><![CDATA[]]></system-err>
      </testcase>
      <system-out><![CDATA[2019-04-23 10:15:42 - [TEST_SUITE][PASSED] - New Test Suite: Test Cases/New Test Case]]></system-out>
      <system-err><![CDATA[]]></system-err>
   </testsuite>
</testsuites>
